Using pre-set license
Built from '2021.3/staging' branch; Version is '2021.3.22f1 (b6c551784ba3) revision 11978065'; Using compiler version '192829333'; Build Type 'Release'
OS: 'Windows 10  (10.0.19045) 64bit Core' Language: 'ko' Physical Memory: 16281 MB
BatchMode: 1, IsHumanControllingUs: 0, StartBugReporterOnCrash: 0, Is64bit: 1, IsPro: 1

COMMAND LINE ARGUMENTS:
C:\Program Files\Unity\Hub\Editor\2021.3.22f1\Editor\Unity.exe
-adb2
-batchMode
-noUpm
-name
AssetImportWorker4
-projectPath
C:/Program_20230228_B/Unity/WorkSpace/gtest/3Dproject
-logFile
Logs/AssetImportWorker4.log
-srvPort
50165
Successfully changed project path to: C:/Program_20230228_B/Unity/WorkSpace/gtest/3Dproject
C:/Program_20230228_B/Unity/WorkSpace/gtest/3Dproject
[UnityMemory] Configuration Parameters - Can be set up in boot.config
    "memorysetup-bucket-allocator-granularity=16"
    "memorysetup-bucket-allocator-bucket-count=8"
    "memorysetup-bucket-allocator-block-size=33554432"
    "memorysetup-bucket-allocator-block-count=8"
    "memorysetup-main-allocator-block-size=16777216"
    "memorysetup-thread-allocator-block-size=16777216"
    "memorysetup-gfx-main-allocator-block-size=16777216"
    "memorysetup-gfx-thread-allocator-block-size=16777216"
    "memorysetup-cache-allocator-block-size=4194304"
    "memorysetup-typetree-allocator-block-size=2097152"
    "memorysetup-profiler-bucket-allocator-granularity=16"
    "memorysetup-profiler-bucket-allocator-bucket-count=8"
    "memorysetup-profiler-bucket-allocator-block-size=33554432"
    "memorysetup-profiler-bucket-allocator-block-count=8"
    "memorysetup-profiler-allocator-block-size=16777216"
    "memorysetup-profiler-editor-allocator-block-size=1048576"
    "memorysetup-temp-allocator-size-main=16777216"
    "memorysetup-job-temp-allocator-block-size=2097152"
    "memorysetup-job-temp-allocator-block-size-background=1048576"
    "memorysetup-job-temp-allocator-reduction-small-platforms=262144"
    "memorysetup-temp-allocator-size-background-worker=32768"
    "memorysetup-temp-allocator-size-job-worker=262144"
    "memorysetup-temp-allocator-size-preload-manager=33554432"
    "memorysetup-temp-allocator-size-nav-mesh-worker=65536"
    "memorysetup-temp-allocator-size-audio-worker=65536"
    "memorysetup-temp-allocator-size-cloud-worker=32768"
    "memorysetup-temp-allocator-size-gi-baking-worker=262144"
    "memorysetup-temp-allocator-size-gfx=262144"
Player connection [23432] Host "[IP] 192.168.5.231 [Port] 0 [Flags] 2 [Guid] 1134855825 [EditorId] 1134855825 [Version] 1048832 [Id] WindowsEditor(7,abko-11) [Debug] 1 [PackageName] WindowsEditor [ProjectName] Editor" joined multi-casting on [225.0.0.222:54997]...

Player connection [23432] Host "[IP] 192.168.5.231 [Port] 0 [Flags] 2 [Guid] 1134855825 [EditorId] 1134855825 [Version] 1048832 [Id] WindowsEditor(7,abko-11) [Debug] 1 [PackageName] WindowsEditor [ProjectName] Editor" joined alternative multi-casting on [225.0.0.222:34997]...

Refreshing native plugins compatible for Editor in 86.72 ms, found 3 plugins.
Preloading 0 native plugins for Editor in 0.00 ms.
Initialize engine version: 2021.3.22f1 (b6c551784ba3)
[Subsystems] Discovering subsystems at path C:/Program Files/Unity/Hub/Editor/2021.3.22f1/Editor/Data/Resources/UnitySubsystems
[Subsystems] Discovering subsystems at path C:/Program_20230228_B/Unity/WorkSpace/gtest/3Dproject/Assets
GfxDevice: creating device client; threaded=0; jobified=0
Direct3D:
    Version:  Direct3D 11.0 [level 11.1]
    Renderer: NVIDIA GeForce GTX 1660 SUPER (ID=0x21c4)
    Vendor:   NVIDIA
    VRAM:     5991 MB
    Driver:   27.21.14.5751
Initialize mono
Mono path[0] = 'C:/Program Files/Unity/Hub/Editor/2021.3.22f1/Editor/Data/Managed'
Mono path[1] = 'C:/Program Files/Unity/Hub/Editor/2021.3.22f1/Editor/Data/MonoBleedingEdge/lib/mono/unityjit-win32'
Mono config path = 'C:/Program Files/Unity/Hub/Editor/2021.3.22f1/Editor/Data/MonoBleedingEdge/etc'
Using monoOptions --debugger-agent=transport=dt_socket,embedding=1,server=y,suspend=n,address=127.0.0.1:56840
Begin MonoManager ReloadAssembly
Registering precompiled unity dll's ...
Register platform support module: C:/Program Files/Unity/Hub/Editor/2021.3.22f1/Editor/Data/PlaybackEngines/WindowsStandaloneSupport/UnityEditor.WindowsStandalone.Extensions.dll
Registered in 0.003311 seconds.
Native extension for WindowsStandalone target not found
Refreshing native plugins compatible for Editor in 78.36 ms, found 3 plugins.
Preloading 0 native plugins for Editor in 0.00 ms.
Mono: successfully reloaded assembly
- Completed reload, in  0.569 seconds
Domain Reload Profiling:
	ReloadAssembly (569ms)
		BeginReloadAssembly (79ms)
			ExecutionOrderSort (0ms)
			DisableScriptedObjects (0ms)
			BackupInstance (0ms)
			ReleaseScriptingObjects (0ms)
			CreateAndSetChildDomain (1ms)
		EndReloadAssembly (407ms)
			LoadAssemblies (78ms)
			RebuildTransferFunctionScriptingTraits (0ms)
			SetupTypeCache (97ms)
			ReleaseScriptCaches (0ms)
			RebuildScriptCaches (26ms)
			SetupLoadedEditorAssemblies (241ms)
				LogAssemblyErrors (0ms)
				InitializePlatformSupportModulesInManaged (7ms)
				SetLoadedEditorAssemblies (0ms)
				RefreshPlugins (78ms)
				BeforeProcessingInitializeOnLoad (1ms)
				ProcessInitializeOnLoadAttributes (112ms)
				ProcessInitializeOnLoadMethodAttributes (43ms)
				AfterProcessingInitializeOnLoad (0ms)
				EditorAssembliesLoaded (0ms)
			ExecutionOrderSort2 (0ms)
			AwakeInstancesAfterBackupRestoration (0ms)
Platform modules already initialized, skipping
Registering precompiled user dll's ...
Registered in 0.002864 seconds.
Begin MonoManager ReloadAssembly
Symbol file LoadedFromMemory doesn't match image C:\Program_20230228_B\Unity\WorkSpace\gtest\3Dproject\Library\PackageCache\com.unity.visualscripting@1.8.0\Editor\VisualScripting.Core\Dependencies\YamlDotNet\Unity.VisualScripting.YamlDotNet.dll
Symbol file LoadedFromMemory doesn't match image C:\Program_20230228_B\Unity\WorkSpace\gtest\3Dproject\Library\PackageCache\com.unity.visualscripting@1.8.0\Editor\VisualScripting.Core\Dependencies\DotNetZip\Unity.VisualScripting.IonicZip.dll
Native extension for WindowsStandalone target not found
Refreshing native plugins compatible for Editor in 0.54 ms, found 3 plugins.
Preloading 0 native plugins for Editor in 0.00 ms.
Mono: successfully reloaded assembly
- Completed reload, in  0.865 seconds
Domain Reload Profiling:
	ReloadAssembly (866ms)
		BeginReloadAssembly (103ms)
			ExecutionOrderSort (0ms)
			DisableScriptedObjects (5ms)
			BackupInstance (0ms)
			ReleaseScriptingObjects (0ms)
			CreateAndSetChildDomain (18ms)
		EndReloadAssembly (674ms)
			LoadAssemblies (75ms)
			RebuildTransferFunctionScriptingTraits (0ms)
			SetupTypeCache (240ms)
			ReleaseScriptCaches (1ms)
			RebuildScriptCaches (46ms)
			SetupLoadedEditorAssemblies (288ms)
				LogAssemblyErrors (0ms)
				InitializePlatformSupportModulesInManaged (4ms)
				SetLoadedEditorAssemblies (0ms)
				RefreshPlugins (1ms)
				BeforeProcessingInitializeOnLoad (72ms)
				ProcessInitializeOnLoadAttributes (191ms)
				ProcessInitializeOnLoadMethodAttributes (17ms)
				AfterProcessingInitializeOnLoad (3ms)
				EditorAssembliesLoaded (0ms)
			ExecutionOrderSort2 (0ms)
			AwakeInstancesAfterBackupRestoration (5ms)
Platform modules already initialized, skipping
========================================================================
Worker process is ready to serve import requests
Launched and connected shader compiler UnityShaderCompiler.exe after 0.03 seconds
Refreshing native plugins compatible for Editor in 0.88 ms, found 3 plugins.
Preloading 0 native plugins for Editor in 0.00 ms.
Unloading 3105 Unused Serialized files (Serialized files now loaded: 0)
Unloading 23 unused Assets / (88.9 KB). Loaded Objects now: 3595.
Memory consumption went from 129.8 MB to 129.7 MB.
Total: 5.732600 ms (FindLiveObjects: 0.642500 ms CreateObjectMapping: 0.483800 ms MarkObjects: 4.366800 ms  DeleteObjects: 0.238100 ms)

AssetImportParameters requested are different than current active one (requested -> active):
  custom:video-decoder-ogg-theora: a1e56fd34408186e4bbccfd4996cb3dc -> 
  custom:container-muxer-webm: aa71ff27fc2769a1b78a27578f13a17b -> 
  custom:container-demuxer-webm: 4f35f7cbe854078d1ac9338744f61a02 -> 
  custom:video-encoder-webm-vp8: eb34c28f22e8b96e1ab97ce403110664 -> 
  custom:audio-encoder-webm-vorbis: bf7c407c2cedff20999df2af8eb42d56 -> 
  custom:framework-win-MediaFoundation: 216162199b28c13a410421893ffa2e32 -> 
  custom:container-demuxer-ogg: 62fdf1f143b41e24485cea50d1cbac27 -> 
  custom:video-decoder-webm-vp8: 9c59270c3fd7afecdb556c50c9e8de78 -> 
  custom:audio-decoder-ogg-vorbis: bf7c407c2cedff20999df2af8eb42d56 -> 
========================================================================
Received Prepare
Registering precompiled user dll's ...
Registered in 0.002525 seconds.
Begin MonoManager ReloadAssembly
Symbol file LoadedFromMemory doesn't match image C:\Program_20230228_B\Unity\WorkSpace\gtest\3Dproject\Library\PackageCache\com.unity.visualscripting@1.8.0\Editor\VisualScripting.Core\Dependencies\YamlDotNet\Unity.VisualScripting.YamlDotNet.dll
Symbol file LoadedFromMemory doesn't match image C:\Program_20230228_B\Unity\WorkSpace\gtest\3Dproject\Library\PackageCache\com.unity.visualscripting@1.8.0\Editor\VisualScripting.Core\Dependencies\DotNetZip\Unity.VisualScripting.IonicZip.dll
Native extension for WindowsStandalone target not found
Refreshing native plugins compatible for Editor in 1.27 ms, found 3 plugins.
Preloading 0 native plugins for Editor in 0.00 ms.
Mono: successfully reloaded assembly
- Completed reload, in  0.834 seconds
Domain Reload Profiling:
	ReloadAssembly (835ms)
		BeginReloadAssembly (133ms)
			ExecutionOrderSort (0ms)
			DisableScriptedObjects (5ms)
			BackupInstance (0ms)
			ReleaseScriptingObjects (0ms)
			CreateAndSetChildDomain (37ms)
		EndReloadAssembly (629ms)
			LoadAssemblies (86ms)
			RebuildTransferFunctionScriptingTraits (0ms)
			SetupTypeCache (221ms)
			ReleaseScriptCaches (1ms)
			RebuildScriptCaches (35ms)
			SetupLoadedEditorAssemblies (267ms)
				LogAssemblyErrors (0ms)
				InitializePlatformSupportModulesInManaged (4ms)
				SetLoadedEditorAssemblies (1ms)
				RefreshPlugins (1ms)
				BeforeProcessingInitializeOnLoad (55ms)
				ProcessInitializeOnLoadAttributes (185ms)
				ProcessInitializeOnLoadMethodAttributes (18ms)
				AfterProcessingInitializeOnLoad (3ms)
				EditorAssembliesLoaded (0ms)
			ExecutionOrderSort2 (0ms)
			AwakeInstancesAfterBackupRestoration (5ms)
Platform modules already initialized, skipping
Refreshing native plugins compatible for Editor in 2.30 ms, found 3 plugins.
Preloading 0 native plugins for Editor in 0.00 ms.
Unloading 3100 Unused Serialized files (Serialized files now loaded: 0)
Unloading 17 unused Assets / (82.3 KB). Loaded Objects now: 3598.
Memory consumption went from 129.7 MB to 129.6 MB.
Total: 4.119100 ms (FindLiveObjects: 0.397300 ms CreateObjectMapping: 0.247900 ms MarkObjects: 3.269100 ms  DeleteObjects: 0.203900 ms)

AssetImportParameters requested are different than current active one (requested -> active):
  custom:video-decoder-ogg-theora: a1e56fd34408186e4bbccfd4996cb3dc -> 
  custom:container-muxer-webm: aa71ff27fc2769a1b78a27578f13a17b -> 
  custom:container-demuxer-webm: 4f35f7cbe854078d1ac9338744f61a02 -> 
  custom:video-encoder-webm-vp8: eb34c28f22e8b96e1ab97ce403110664 -> 
  custom:audio-encoder-webm-vorbis: bf7c407c2cedff20999df2af8eb42d56 -> 
  custom:framework-win-MediaFoundation: 216162199b28c13a410421893ffa2e32 -> 
  custom:container-demuxer-ogg: 62fdf1f143b41e24485cea50d1cbac27 -> 
  custom:video-decoder-webm-vp8: 9c59270c3fd7afecdb556c50c9e8de78 -> 
  custom:audio-decoder-ogg-vorbis: bf7c407c2cedff20999df2af8eb42d56 -> 
========================================================================
Received Import Request.
  Time since last request: 7118.293297 seconds.
  path: Assets/Low-Poly Weapons/Materials/Floor.mat
  artifactKey: Guid(f81b51adecb09254e8ab3c5eb63458eb) Importer(815301076,1909f56bfc062723c751e8b465ee728b)
Start importing Assets/Low-Poly Weapons/Materials/Floor.mat using Guid(f81b51adecb09254e8ab3c5eb63458eb) Importer(815301076,1909f56bfc062723c751e8b465ee728b)  -> (artifact id: 'f65d1cfb7f895520c0981b0f27db4036') in 0.130822 seconds 
========================================================================
Received Import Request.
  Time since last request: 0.717292 seconds.
  path: Assets/Low-Poly Weapons/Models/Arrow_Explosive.fbx
  artifactKey: Guid(a6c4c9afde33c4603bef3ca6b3a587ca) Importer(815301076,1909f56bfc062723c751e8b465ee728b)
Start importing Assets/Low-Poly Weapons/Models/Arrow_Explosive.fbx using Guid(a6c4c9afde33c4603bef3ca6b3a587ca) Importer(815301076,1909f56bfc062723c751e8b465ee728b)  -> (artifact id: '554e15eee941fee6af0162527a064505') in 0.071247 seconds 
========================================================================
Received Import Request.
  Time since last request: 0.000017 seconds.
  path: Assets/Low-Poly Weapons/Models/Arrow_Regular.fbx
  artifactKey: Guid(50a2457a4e6e34726805bc233f01b387) Importer(815301076,1909f56bfc062723c751e8b465ee728b)
Start importing Assets/Low-Poly Weapons/Models/Arrow_Regular.fbx using Guid(50a2457a4e6e34726805bc233f01b387) Importer(815301076,1909f56bfc062723c751e8b465ee728b)  -> (artifact id: '39fbedd3e2c0e6eb28aabc3de5b08303') in 0.020382 seconds 
========================================================================
Received Import Request.
  Time since last request: 0.000028 seconds.
  path: Assets/Low-Poly Weapons/Models/Potion_Health.fbx
  artifactKey: Guid(2a7aeccaf51cb44258e96e4127ac8d7e) Importer(815301076,1909f56bfc062723c751e8b465ee728b)
Start importing Assets/Low-Poly Weapons/Models/Potion_Health.fbx using Guid(2a7aeccaf51cb44258e96e4127ac8d7e) Importer(815301076,1909f56bfc062723c751e8b465ee728b)  -> (artifact id: 'ba27bfadf1de9bf0a072b8718813f56a') in 0.017331 seconds 
========================================================================
Received Import Request.
  Time since last request: 0.000032 seconds.
  path: Assets/Low-Poly Weapons/Models/Dagger.fbx
  artifactKey: Guid(db56260143b5948a88d20ae44f2441a0) Importer(815301076,1909f56bfc062723c751e8b465ee728b)
Start importing Assets/Low-Poly Weapons/Models/Dagger.fbx using Guid(db56260143b5948a88d20ae44f2441a0) Importer(815301076,1909f56bfc062723c751e8b465ee728b)  -> (artifact id: 'd0865545feaadea483fb09a07decf770') in 0.019942 seconds 
========================================================================
Received Import Request.
  Time since last request: 0.000042 seconds.
  path: Assets/Low-Poly Weapons/Models/Potion_Berserk.fbx
  artifactKey: Guid(2b5e4dcfbc9c54f019932d7dc34a1d4e) Importer(815301076,1909f56bfc062723c751e8b465ee728b)
Start importing Assets/Low-Poly Weapons/Models/Potion_Berserk.fbx using Guid(2b5e4dcfbc9c54f019932d7dc34a1d4e) Importer(815301076,1909f56bfc062723c751e8b465ee728b)  -> (artifact id: '5d5b9b33118120a01d44697a3f3ac5dc') in 0.016749 seconds 
========================================================================
Received Import Request.
  Time since last request: 0.000027 seconds.
  path: Assets/Low-Poly Weapons/Models/Grenade_Smoke.fbx
  artifactKey: Guid(9a38c879ddeb74214b97b361e8e5fee9) Importer(815301076,1909f56bfc062723c751e8b465ee728b)
Start importing Assets/Low-Poly Weapons/Models/Grenade_Smoke.fbx using Guid(9a38c879ddeb74214b97b361e8e5fee9) Importer(815301076,1909f56bfc062723c751e8b465ee728b)  -> (artifact id: '3dfb517441fb4223533ad0eda210a480') in 0.016487 seconds 
========================================================================
Received Import Request.
  Time since last request: 0.000021 seconds.
  path: Assets/Low-Poly Weapons/Models/Potion_Mana.fbx
  artifactKey: Guid(a7b94700af64d4331af2f449bf00b987) Importer(815301076,1909f56bfc062723c751e8b465ee728b)
Start importing Assets/Low-Poly Weapons/Models/Potion_Mana.fbx using Guid(a7b94700af64d4331af2f449bf00b987) Importer(815301076,1909f56bfc062723c751e8b465ee728b)  -> (artifact id: '67c69fda6e86fb31156609c67eaa3f29') in 0.018045 seconds 
========================================================================
Received Import Request.
  Time since last request: 0.000040 seconds.
  path: Assets/Low-Poly Weapons/Models/Sword.fbx
  artifactKey: Guid(72be0c703037640cf97b8487e7a0d830) Importer(815301076,1909f56bfc062723c751e8b465ee728b)
Start importing Assets/Low-Poly Weapons/Models/Sword.fbx using Guid(72be0c703037640cf97b8487e7a0d830) Importer(815301076,1909f56bfc062723c751e8b465ee728b)  -> (artifact id: '43e1c9c2fc76db83d4840f8bc217324d') in 0.021583 seconds 
========================================================================
Received Import Request.
  Time since last request: 0.000021 seconds.
  path: Assets/Low-Poly Weapons/Models/Bow.fbx
  artifactKey: Guid(f9daf41ee441145289fca40ce1878964) Importer(815301076,1909f56bfc062723c751e8b465ee728b)
Start importing Assets/Low-Poly Weapons/Models/Bow.fbx using Guid(f9daf41ee441145289fca40ce1878964) Importer(815301076,1909f56bfc062723c751e8b465ee728b)  -> (artifact id: 'bc6db0df8d64aac7c6d78355558e4af6') in 0.018794 seconds 
========================================================================
Received Import Request.
  Time since last request: 13.598884 seconds.
  path: Assets/Low-Poly Weapons/Prefabs/Arrow_Explosive.prefab
  artifactKey: Guid(a7ef2398046494d0cadc6b5c28cfa84f) Importer(815301076,1909f56bfc062723c751e8b465ee728b)
Start importing Assets/Low-Poly Weapons/Prefabs/Arrow_Explosive.prefab using Guid(a7ef2398046494d0cadc6b5c28cfa84f) Importer(815301076,1909f56bfc062723c751e8b465ee728b)  -> (artifact id: 'bf440dd34ce4d2f69eb5b44d20cc4c13') in 0.015021 seconds 
========================================================================
Received Import Request.
  Time since last request: 0.000015 seconds.
  path: Assets/Low-Poly Weapons/Prefabs/Bomb.prefab
  artifactKey: Guid(aa64b9ae639024c5097e12b27ac1d84c) Importer(815301076,1909f56bfc062723c751e8b465ee728b)
Start importing Assets/Low-Poly Weapons/Prefabs/Bomb.prefab using Guid(aa64b9ae639024c5097e12b27ac1d84c) Importer(815301076,1909f56bfc062723c751e8b465ee728b)  -> (artifact id: '77e54227201462384237e042381a84f8') in 0.012575 seconds 
========================================================================
Received Import Request.
  Time since last request: 0.000016 seconds.
  path: Assets/Low-Poly Weapons/Prefabs/Crossbow.prefab
  artifactKey: Guid(1dcc6f17f2ad24b98a7ef082c8c454a9) Importer(815301076,1909f56bfc062723c751e8b465ee728b)
Start importing Assets/Low-Poly Weapons/Prefabs/Crossbow.prefab using Guid(1dcc6f17f2ad24b98a7ef082c8c454a9) Importer(815301076,1909f56bfc062723c751e8b465ee728b)  -> (artifact id: 'dbf5bf7a8b1f1ec7e043846485641f8c') in 0.011681 seconds 
========================================================================
Received Import Request.
  Time since last request: 0.000015 seconds.
  path: Assets/Low-Poly Weapons/Prefabs/Potion_Berserk.prefab
  artifactKey: Guid(db1c94431d2a64a068f8c904090cee66) Importer(815301076,1909f56bfc062723c751e8b465ee728b)
Start importing Assets/Low-Poly Weapons/Prefabs/Potion_Berserk.prefab using Guid(db1c94431d2a64a068f8c904090cee66) Importer(815301076,1909f56bfc062723c751e8b465ee728b)  -> (artifact id: 'b40b01b2d0a178d9d1b8463a2c1f41a7') in 0.011428 seconds 
========================================================================
Received Import Request.
  Time since last request: 0.000019 seconds.
  path: Assets/Low-Poly Weapons/Prefabs/Potion_Stamina.prefab
  artifactKey: Guid(f244d85ca954f4336a1a7595053efbfc) Importer(815301076,1909f56bfc062723c751e8b465ee728b)
Start importing Assets/Low-Poly Weapons/Prefabs/Potion_Stamina.prefab using Guid(f244d85ca954f4336a1a7595053efbfc) Importer(815301076,1909f56bfc062723c751e8b465ee728b)  -> (artifact id: '2583586ccb19489e1052e01d547a7364') in 0.014350 seconds 
========================================================================
Received Import Request.
  Time since last request: 0.000018 seconds.
  path: Assets/Low-Poly Weapons/Prefabs/Shield.prefab
  artifactKey: Guid(b4ea2f3e0e40943219a8997915f71646) Importer(815301076,1909f56bfc062723c751e8b465ee728b)
Start importing Assets/Low-Poly Weapons/Prefabs/Shield.prefab using Guid(b4ea2f3e0e40943219a8997915f71646) Importer(815301076,1909f56bfc062723c751e8b465ee728b)  -> (artifact id: '3c3677eb568fbfd5d4f3fc5b239e5dfa') in 0.024432 seconds 
========================================================================
Received Import Request.
  Time since last request: 0.000014 seconds.
  path: Assets/Low-Poly Weapons/Prefabs/Potion_Mana.prefab
  artifactKey: Guid(4fc855fb7bf094a0891967175e5bdb17) Importer(815301076,1909f56bfc062723c751e8b465ee728b)
Start importing Assets/Low-Poly Weapons/Prefabs/Potion_Mana.prefab using Guid(4fc855fb7bf094a0891967175e5bdb17) Importer(815301076,1909f56bfc062723c751e8b465ee728b)  -> (artifact id: '9e74bd518af32818a391baafeea14d5e') in 0.015114 seconds 
========================================================================
Received Import Request.
  Time since last request: 0.000021 seconds.
  path: Assets/Low-Poly Weapons/Prefabs/Grenade_Sulfur.prefab
  artifactKey: Guid(41ddecd19696e4b7abfe4584fa7efe68) Importer(815301076,1909f56bfc062723c751e8b465ee728b)
Start importing Assets/Low-Poly Weapons/Prefabs/Grenade_Sulfur.prefab using Guid(41ddecd19696e4b7abfe4584fa7efe68) Importer(815301076,1909f56bfc062723c751e8b465ee728b)  -> (artifact id: '5218a1653bd72baabb59cf52685193fa') in 0.017417 seconds 
========================================================================
Received Import Request.
  Time since last request: 2.817520 seconds.
  path: Assets/Low-Poly Weapons/Textures/Potions.tif
  artifactKey: Guid(33717b16713914784b0db03854ccfa16) Importer(815301076,1909f56bfc062723c751e8b465ee728b)
Start importing Assets/Low-Poly Weapons/Textures/Potions.tif using Guid(33717b16713914784b0db03854ccfa16) Importer(815301076,1909f56bfc062723c751e8b465ee728b)  -> (artifact id: '6c1cf8699abb4296e1601ca6328311a1') in 0.025532 seconds 
========================================================================
Received Import Request.
  Time since last request: 4.785419 seconds.
  path: Assets/QuarterView 3D Action BE5/App Icon.png
  artifactKey: Guid(8daddb70a45a9d745bd298fad8593ea3) Importer(815301076,1909f56bfc062723c751e8b465ee728b)
Start importing Assets/QuarterView 3D Action BE5/App Icon.png using Guid(8daddb70a45a9d745bd298fad8593ea3) Importer(815301076,1909f56bfc062723c751e8b465ee728b)  -> (artifact id: '4c5b293a361d9e7bc6560eb04bb6cd15') in 0.040948 seconds 
========================================================================
Received Import Request.
  Time since last request: 1.584454 seconds.
  path: Assets/Scenes/SampleScene
  artifactKey: Guid(58615c572430d6c47be3f2d638eb43ab) Importer(815301076,1909f56bfc062723c751e8b465ee728b)
Start importing Assets/Scenes/SampleScene using Guid(58615c572430d6c47be3f2d638eb43ab) Importer(815301076,1909f56bfc062723c751e8b465ee728b)  -> (artifact id: '43572e4d6a13446e0e6a0962a1895281') in 0.006440 seconds 
========================================================================
Received Import Request.
  Time since last request: 0.367520 seconds.
  path: Assets/Scenes/SampleScene/NavMesh.asset
  artifactKey: Guid(c49730da2ae50554382361ed8b5d2f6d) Importer(815301076,1909f56bfc062723c751e8b465ee728b)
Start importing Assets/Scenes/SampleScene/NavMesh.asset using Guid(c49730da2ae50554382361ed8b5d2f6d) Importer(815301076,1909f56bfc062723c751e8b465ee728b)  -> (artifact id: 'ce3a683b31fc923a040d05a9404fd9b1') in 0.010278 seconds 
========================================================================
Received Import Request.
  Time since last request: 2.752377 seconds.
  path: Assets/Scenes/SampleScene.unity
  artifactKey: Guid(9fc0d4010bbf28b4594072e72b8655ab) Importer(815301076,1909f56bfc062723c751e8b465ee728b)
Start importing Assets/Scenes/SampleScene.unity using Guid(9fc0d4010bbf28b4594072e72b8655ab) Importer(815301076,1909f56bfc062723c751e8b465ee728b)  -> (artifact id: 'ab7a2c21b4f86a47f1a6719a84a3242c') in 0.007192 seconds 
========================================================================
Received Import Request.
  Time since last request: 188.240268 seconds.
  path: Assets/Hovl Studio/Magic effects pack/Demo scene
  artifactKey: Guid(44e83fc5854cef9499372056eb3818f0) Importer(815301076,1909f56bfc062723c751e8b465ee728b)
Start importing Assets/Hovl Studio/Magic effects pack/Demo scene using Guid(44e83fc5854cef9499372056eb3818f0) Importer(815301076,1909f56bfc062723c751e8b465ee728b)  -> (artifact id: '169ac83d0e51f2d36b0928284b996ba9') in 0.006920 seconds 
========================================================================
Received Import Request.
  Time since last request: 0.465401 seconds.
  path: Assets/Hovl Studio/Magic effects pack/Materials
  artifactKey: Guid(a342b6520836d4e40bf3cae8acbccd18) Importer(815301076,1909f56bfc062723c751e8b465ee728b)
Start importing Assets/Hovl Studio/Magic effects pack/Materials using Guid(a342b6520836d4e40bf3cae8acbccd18) Importer(815301076,1909f56bfc062723c751e8b465ee728b)  -> (artifact id: '55896dc672df433c29e0eb1aabcb622e') in 0.006535 seconds 
========================================================================
Received Import Request.
  Time since last request: 0.957904 seconds.
  path: Assets/Hovl Studio/Magic effects pack/Models
  artifactKey: Guid(ad4081446914afa4e94efff5e5b27056) Importer(815301076,1909f56bfc062723c751e8b465ee728b)
Start importing Assets/Hovl Studio/Magic effects pack/Models using Guid(ad4081446914afa4e94efff5e5b27056) Importer(815301076,1909f56bfc062723c751e8b465ee728b)  -> (artifact id: '381689102c125d03f1883ccfc4a8e4b0') in 0.006493 seconds 
========================================================================
Received Import Request.
  Time since last request: 0.534350 seconds.
  path: Assets/Hovl Studio/Magic effects pack/Textures
  artifactKey: Guid(48fbaf4e0d478de498dc961be7083466) Importer(815301076,1909f56bfc062723c751e8b465ee728b)
Start importing Assets/Hovl Studio/Magic effects pack/Textures using Guid(48fbaf4e0d478de498dc961be7083466) Importer(815301076,1909f56bfc062723c751e8b465ee728b)  -> (artifact id: 'ed0a84edeb941d71ad6f1786d3586f49') in 0.007129 seconds 
========================================================================
Received Import Request.
  Time since last request: 2.865407 seconds.
  path: Assets/Hovl Studio/Magic effects pack/Demo scene/LightingData.asset
  artifactKey: Guid(faa4b86ef3c40464a90105bd7feb5ad9) Importer(815301076,1909f56bfc062723c751e8b465ee728b)
Start importing Assets/Hovl Studio/Magic effects pack/Demo scene/LightingData.asset using Guid(faa4b86ef3c40464a90105bd7feb5ad9) Importer(815301076,1909f56bfc062723c751e8b465ee728b) Lighting data asset ‘LightingData’ is incompatible with the current Unity version because the scene it was baked for was not serialized. Please use Generate Lighting to rebuild the lighting data, or assign the target scene to the Lighting Data Asset in the inspector.
 -> (artifact id: '479111961c1ad6159f393f3d669654fb') in 0.007399 seconds 
========================================================================
Received Import Request.
  Time since last request: 0.000031 seconds.
  path: Assets/Hovl Studio/Magic effects pack/Demo scene/Lightmap-0_comp_light.exr
  artifactKey: Guid(9960b70afbb00c1468c54c31462b736a) Importer(815301076,1909f56bfc062723c751e8b465ee728b)
Start importing Assets/Hovl Studio/Magic effects pack/Demo scene/Lightmap-0_comp_light.exr using Guid(9960b70afbb00c1468c54c31462b736a) Importer(815301076,1909f56bfc062723c751e8b465ee728b)  -> (artifact id: '01e1fe4c569f84ec84d96710f64699b8') in 0.029712 seconds 
========================================================================
Received Import Request.
  Time since last request: 0.000040 seconds.
  path: Assets/Hovl Studio/Magic effects pack/Demo scene/ReflectionProbe-1.exr
  artifactKey: Guid(6cd5e7294f0f7be4aa89e131da9505b4) Importer(815301076,1909f56bfc062723c751e8b465ee728b)
Start importing Assets/Hovl Studio/Magic effects pack/Demo scene/ReflectionProbe-1.exr using Guid(6cd5e7294f0f7be4aa89e131da9505b4) Importer(815301076,1909f56bfc062723c751e8b465ee728b)  -> (artifact id: '85f1a1ce4f7115047ecba34cc1cb0107') in 0.023018 seconds 
========================================================================
Received Import Request.
  Time since last request: 0.974456 seconds.
  path: Assets/Hovl Studio/Magic effects pack/Materials/Arrow1.mat
  artifactKey: Guid(00b2a55319476cf40b84578eb2f8c2df) Importer(815301076,1909f56bfc062723c751e8b465ee728b)
Start importing Assets/Hovl Studio/Magic effects pack/Materials/Arrow1.mat using Guid(00b2a55319476cf40b84578eb2f8c2df) Importer(815301076,1909f56bfc062723c751e8b465ee728b)  -> (artifact id: '17124f6c618e8842767bb48bc35dda39') in 0.013279 seconds 
========================================================================
Received Import Request.
  Time since last request: 0.000027 seconds.
  path: Assets/Hovl Studio/Magic effects pack/Materials/Electro.mat
  artifactKey: Guid(410fa9a27b8dd1f4989dd201babd7d76) Importer(815301076,1909f56bfc062723c751e8b465ee728b)
Start importing Assets/Hovl Studio/Magic effects pack/Materials/Electro.mat using Guid(410fa9a27b8dd1f4989dd201babd7d76) Importer(815301076,1909f56bfc062723c751e8b465ee728b)  -> (artifact id: '476b9931670ca6b55cb318b879d5ab3b') in 0.011831 seconds 
========================================================================
Received Import Request.
  Time since last request: 0.000023 seconds.
  path: Assets/Hovl Studio/Magic effects pack/Materials/VFXatlas.psd
  artifactKey: Guid(670f1c056a06d7049b90d1fd1e480427) Importer(815301076,1909f56bfc062723c751e8b465ee728b)
Start importing Assets/Hovl Studio/Magic effects pack/Materials/VFXatlas.psd using Guid(670f1c056a06d7049b90d1fd1e480427) Importer(815301076,1909f56bfc062723c751e8b465ee728b)  -> (artifact id: '4cc748507d1866d9a691f7d345435ae5') in 0.025432 seconds 
========================================================================
Received Import Request.
  Time since last request: 0.000016 seconds.
  path: Assets/Hovl Studio/Magic effects pack/Materials/MagicCircle2.mat
  artifactKey: Guid(b56ee68f36d76a648a742b6874f4d4a4) Importer(815301076,1909f56bfc062723c751e8b465ee728b)
Start importing Assets/Hovl Studio/Magic effects pack/Materials/MagicCircle2.mat using Guid(b56ee68f36d76a648a742b6874f4d4a4) Importer(815301076,1909f56bfc062723c751e8b465ee728b)  -> (artifact id: 'a75c36741132256089b5bfb865842558') in 0.013003 seconds 
========================================================================
Received Import Request.
  Time since last request: 0.000034 seconds.
  path: Assets/Hovl Studio/Magic effects pack/Materials/Slash.mat
  artifactKey: Guid(8b3cc142b0783eb40be02cde5b31ca6a) Importer(815301076,1909f56bfc062723c751e8b465ee728b)
Start importing Assets/Hovl Studio/Magic effects pack/Materials/Slash.mat using Guid(8b3cc142b0783eb40be02cde5b31ca6a) Importer(815301076,1909f56bfc062723c751e8b465ee728b)  -> (artifact id: 'a7d83c2ea697d00815e8967b135318eb') in 0.049134 seconds 
========================================================================
Received Import Request.
  Time since last request: 0.000031 seconds.
  path: Assets/Hovl Studio/Magic effects pack/Materials/Gradient.mat
  artifactKey: Guid(2ae196836e3f6ce438e93e246a6ab900) Importer(815301076,1909f56bfc062723c751e8b465ee728b)
Start importing Assets/Hovl Studio/Magic effects pack/Materials/Gradient.mat using Guid(2ae196836e3f6ce438e93e246a6ab900) Importer(815301076,1909f56bfc062723c751e8b465ee728b)  -> (artifact id: '77349a59c34ee12bd9c65f766284b543') in 0.012369 seconds 
========================================================================
Received Import Request.
  Time since last request: 0.000017 seconds.
  path: Assets/Hovl Studio/Magic effects pack/Materials/Stone.mat
  artifactKey: Guid(5e01cbbef75a454468e5eb490ac64181) Importer(815301076,1909f56bfc062723c751e8b465ee728b)
Start importing Assets/Hovl Studio/Magic effects pack/Materials/Stone.mat using Guid(5e01cbbef75a454468e5eb490ac64181) Importer(815301076,1909f56bfc062723c751e8b465ee728b)  -> (artifact id: '66ed4e071700ad0e4f6d846b16fa3b79') in 0.012149 seconds 
========================================================================
Received Import Request.
  Time since last request: 0.000021 seconds.
  path: Assets/Hovl Studio/Magic effects pack/Materials/Star.mat
  artifactKey: Guid(f7fb42690dbaf0d408f1f55ea89b7be8) Importer(815301076,1909f56bfc062723c751e8b465ee728b)
Start importing Assets/Hovl Studio/Magic effects pack/Materials/Star.mat using Guid(f7fb42690dbaf0d408f1f55ea89b7be8) Importer(815301076,1909f56bfc062723c751e8b465ee728b)  -> (artifact id: '9b2f8e228acb9151e9c21a4be9641614') in 0.011909 seconds 
========================================================================
Received Import Request.
  Time since last request: 0.000030 seconds.
  path: Assets/Hovl Studio/Magic effects pack/Materials/Trail67.mat
  artifactKey: Guid(228fc1317f61ac4408d84a68ea9822d3) Importer(815301076,1909f56bfc062723c751e8b465ee728b)
Start importing Assets/Hovl Studio/Magic effects pack/Materials/Trail67.mat using Guid(228fc1317f61ac4408d84a68ea9822d3) Importer(815301076,1909f56bfc062723c751e8b465ee728b)  -> (artifact id: '6faf0bcda83ab6b56fc2d045417b38b9') in 0.013096 seconds 
========================================================================
Received Import Request.
  Time since last request: 0.000023 seconds.
  path: Assets/Hovl Studio/Magic effects pack/Materials/Flash.mat
  artifactKey: Guid(db3488de871721d4f83250ff2af716b7) Importer(815301076,1909f56bfc062723c751e8b465ee728b)
Start importing Assets/Hovl Studio/Magic effects pack/Materials/Flash.mat using Guid(db3488de871721d4f83250ff2af716b7) Importer(815301076,1909f56bfc062723c751e8b465ee728b)  -> (artifact id: 'b61af1ce38d77fe4e95f8630709a2836') in 0.011180 seconds 
========================================================================
Received Import Request.
  Time since last request: 0.000024 seconds.
  path: Assets/Hovl Studio/Magic effects pack/Materials/Flare.mat
  artifactKey: Guid(818e127314f46c844a3b31d893dcfe6a) Importer(815301076,1909f56bfc062723c751e8b465ee728b)
Start importing Assets/Hovl Studio/Magic effects pack/Materials/Flare.mat using Guid(818e127314f46c844a3b31d893dcfe6a) Importer(815301076,1909f56bfc062723c751e8b465ee728b)  -> (artifact id: 'eff10bd51d54ae10f7d857b58a1b29e7') in 0.013828 seconds 
========================================================================
Received Import Request.
  Time since last request: 0.480174 seconds.
  path: Assets/Hovl Studio/Magic effects pack/Models/Cylinder.fbx
  artifactKey: Guid(4a8c064de5d1b4045a9e9d4ebd5d6575) Importer(815301076,1909f56bfc062723c751e8b465ee728b)
Start importing Assets/Hovl Studio/Magic effects pack/Models/Cylinder.fbx using Guid(4a8c064de5d1b4045a9e9d4ebd5d6575) Importer(815301076,1909f56bfc062723c751e8b465ee728b)  -> (artifact id: 'ef09539bcf26b46f7be34e88c7b27e50') in 0.012113 seconds 
========================================================================
Received Import Request.
  Time since last request: 5.239957 seconds.
  path: Assets/Hovl Studio/Magic effects pack/Prefabs/AoE effects/Meteors AOE.prefab
  artifactKey: Guid(3355f6bfa6db8b24281b827de929694c) Importer(815301076,1909f56bfc062723c751e8b465ee728b)
Start importing Assets/Hovl Studio/Magic effects pack/Prefabs/AoE effects/Meteors AOE.prefab using Guid(3355f6bfa6db8b24281b827de929694c) Importer(815301076,1909f56bfc062723c751e8b465ee728b)  -> (artifact id: 'dfcdaca8eeff461236a13fd9ddc31647') in 0.016752 seconds 
========================================================================
Received Import Request.
  Time since last request: 0.715122 seconds.
  path: Assets/Hovl Studio/Magic effects pack/Prefabs/Character auras/Buff.prefab
  artifactKey: Guid(97c43495f80a3244fad1301dfafbe252) Importer(815301076,1909f56bfc062723c751e8b465ee728b)
Start importing Assets/Hovl Studio/Magic effects pack/Prefabs/Character auras/Buff.prefab using Guid(97c43495f80a3244fad1301dfafbe252) Importer(815301076,1909f56bfc062723c751e8b465ee728b)  -> (artifact id: '9ede1f0ac689cd3b480af34381329c7c') in 0.014013 seconds 
========================================================================
Received Import Request.
  Time since last request: 0.000034 seconds.
  path: Assets/Hovl Studio/Magic effects pack/Prefabs/Character auras/Lightning aura.prefab
  artifactKey: Guid(4d9a3b35b3bc07649b697df7fb497b6d) Importer(815301076,1909f56bfc062723c751e8b465ee728b)
Start importing Assets/Hovl Studio/Magic effects pack/Prefabs/Character auras/Lightning aura.prefab using Guid(4d9a3b35b3bc07649b697df7fb497b6d) Importer(815301076,1909f56bfc062723c751e8b465ee728b)  -> (artifact id: '2d749edf5f64b62ca23b13b94699d5ee') in 0.013872 seconds 
========================================================================
Received Import Request.
  Time since last request: 38.538012 seconds.
  path: Assets/Hovl Studio/Magic effects pack/Prefabs/Hits and explosions/Electro hit.prefab
  artifactKey: Guid(a164e676dbbd6e54587237e619372c98) Importer(815301076,1909f56bfc062723c751e8b465ee728b)
Start importing Assets/Hovl Studio/Magic effects pack/Prefabs/Hits and explosions/Electro hit.prefab using Guid(a164e676dbbd6e54587237e619372c98) Importer(815301076,1909f56bfc062723c751e8b465ee728b)  -> (artifact id: 'd0b7ce9ad90a48140b83681165a29d21') in 0.014489 seconds 
========================================================================
Received Import Request.
  Time since last request: 0.000025 seconds.
  path: Assets/Hovl Studio/Magic effects pack/Prefabs/Hits and explosions/Love hit.prefab
  artifactKey: Guid(356cf4dca1465b54fabbb8cd9b1cd190) Importer(815301076,1909f56bfc062723c751e8b465ee728b)
Start importing Assets/Hovl Studio/Magic effects pack/Prefabs/Hits and explosions/Love hit.prefab using Guid(356cf4dca1465b54fabbb8cd9b1cd190) Importer(815301076,1909f56bfc062723c751e8b465ee728b)  -> (artifact id: '46412e850f39d9242e76991b14231927') in 0.015261 seconds 
========================================================================
Received Import Request.
  Time since last request: 0.000025 seconds.
  path: Assets/Hovl Studio/Magic effects pack/Prefabs/Hits and explosions/Holy hit.prefab
  artifactKey: Guid(e190bf97c041e58448af6b043116cba0) Importer(815301076,1909f56bfc062723c751e8b465ee728b)
Start importing Assets/Hovl Studio/Magic effects pack/Prefabs/Hits and explosions/Holy hit.prefab using Guid(e190bf97c041e58448af6b043116cba0) Importer(815301076,1909f56bfc062723c751e8b465ee728b)  -> (artifact id: 'e2773adbfa1e973ca3d3eae444b74ecc') in 0.016814 seconds 
========================================================================
Received Import Request.
  Time since last request: 8.020285 seconds.
  path: Assets/Hovl Studio/Magic effects pack/Prefabs/Magic circles/Freeze circle.prefab
  artifactKey: Guid(0e5709a7ddb77924090c112cf73bb98a) Importer(815301076,1909f56bfc062723c751e8b465ee728b)
Start importing Assets/Hovl Studio/Magic effects pack/Prefabs/Magic circles/Freeze circle.prefab using Guid(0e5709a7ddb77924090c112cf73bb98a) Importer(815301076,1909f56bfc062723c751e8b465ee728b)  -> (artifact id: '0c8c6d8d52a12d281a849aaa255c7ca5') in 0.056792 seconds 
========================================================================
Received Import Request.
  Time since last request: 4.145809 seconds.
  path: Assets/Hovl Studio/Magic effects pack/Prefabs/Portals/Portal blue.prefab
  artifactKey: Guid(45e0f06c750176947862c10346226439) Importer(815301076,1909f56bfc062723c751e8b465ee728b)
Start importing Assets/Hovl Studio/Magic effects pack/Prefabs/Portals/Portal blue.prefab using Guid(45e0f06c750176947862c10346226439) Importer(815301076,1909f56bfc062723c751e8b465ee728b)  -> (artifact id: '5c2587147d99ae01acd3e3d4c02f7a2c') in 0.050776 seconds 
========================================================================
Received Import Request.
  Time since last request: 3.504220 seconds.
  path: Assets/Hovl Studio/Magic effects pack/Prefabs/Slash effects/Electro slash.prefab
  artifactKey: Guid(4aa9f30a28a77224ba84b2a2c334c71b) Importer(815301076,1909f56bfc062723c751e8b465ee728b)
Start importing Assets/Hovl Studio/Magic effects pack/Prefabs/Slash effects/Electro slash.prefab using Guid(4aa9f30a28a77224ba84b2a2c334c71b) Importer(815301076,1909f56bfc062723c751e8b465ee728b)  -> (artifact id: 'c85edea331376e6509eb0b004ee328d1') in 0.014224 seconds 
Editor requested this worker to shutdown with reason: Scaling down because of idle timeout
AssetImportWorker is now disconnected from the server
Process exiting
Exiting without the bug reporter. Application will terminate with return code 0